<?xml version="1.0" encoding="UTF-8"?>
<!-- Generated by org.testng.reporters.JUnitReportReporter -->
<testsuite hostname="Sanjeet" failures="0" tests="1" name="Class32.Test1" time="19.373" errors="0" timestamp="2022-08-19T23:15:06 IST" skipped="0">
  <testcase classname="Class32.Test1" name="testA" time="19.373"/>
  <system-out/>
</testsuite> <!-- Class32.Test1 -->
