<?xml version="1.0" encoding="UTF-8"?>
<!-- Generated by org.testng.reporters.JUnitReportReporter -->
<testsuite hostname="Sanjeet" failures="0" tests="1" name="Class31.Demo2" time="0.005" errors="0" timestamp="2022-08-19T13:46:59 IST" skipped="0">
  <testcase classname="Class31.Demo2" name="test2" time="0.005"/>
  <system-out>
    <![CDATA[test2]]>
  </system-out>
</testsuite> <!-- Class31.Demo2 -->
