<?xml version="1.0" encoding="UTF-8"?>
<!-- Generated by org.testng.reporters.JUnitReportReporter -->
<testsuite hostname="Sanjeet" failures="0" tests="3" name="Class30.DProvider" time="0.015" errors="0" timestamp="2022-08-15T19:23:52 IST" skipped="0">
  <testcase classname="Class30.DProvider" name="createUser" time="0.001"/>
  <system-out>
    <![CDATA[createUser:UserB B123]]>
  </system-out>
  <testcase classname="Class30.DProvider" name="createUser" time="0.013"/>
  <system-out>
    <![CDATA[createUser:UserA A123]]>
  </system-out>
  <testcase classname="Class30.DProvider" name="createUser" time="0.001"/>
  <system-out>
    <![CDATA[createUser:UserC C123]]>
  </system-out>
</testsuite> <!-- Class30.DProvider -->
