<?xml version="1.0" encoding="UTF-8"?>
<!-- Generated by org.testng.reporters.JUnitReportReporter -->
<testsuite hostname="Sanjeet" failures="0" tests="3" name="Class30.IteratorTNG4" time="0.016" errors="0" timestamp="2022-08-15T16:18:19 IST" skipped="0">
  <testcase classname="Class30.IteratorTNG4" name="createUser" time="0.001"/>
  <system-out>
    <![CDATA[createUser:B]]>
  </system-out>
  <testcase classname="Class30.IteratorTNG4" name="createUser" time="0.001"/>
  <system-out>
    <![CDATA[createUser:C]]>
  </system-out>
  <testcase classname="Class30.IteratorTNG4" name="createUser" time="0.014"/>
  <system-out>
    <![CDATA[createUser:A]]>
  </system-out>
</testsuite> <!-- Class30.IteratorTNG4 -->
