<?xml version="1.0" encoding="UTF-8"?>
<!-- Generated by org.testng.reporters.JUnitReportReporter -->
<testsuite hostname="Sanjeet" failures="0" tests="6" name="Class30.DataProviderTNG3" time="0.018" errors="0" timestamp="2022-08-15T16:14:20 IST" skipped="0">
  <testcase classname="Class30.DataProviderTNG3" name="createUser2" time="0.001"/>
  <system-out>
    <![CDATA[createUser:true]]>
  </system-out>
  <testcase classname="Class30.DataProviderTNG3" name="createUser" time="0.002"/>
  <system-out>
    <![CDATA[createUser:Bhanu]]>
  </system-out>
  <testcase classname="Class30.DataProviderTNG3" name="createUser" time="0.011"/>
  <system-out>
    <![CDATA[createUser:Akshara]]>
  </system-out>
  <testcase classname="Class30.DataProviderTNG3" name="createUser2" time="0.002"/>
  <system-out>
    <![CDATA[createUser:Akshara]]>
  </system-out>
  <testcase classname="Class30.DataProviderTNG3" name="createUser" time="0.001"/>
  <system-out>
    <![CDATA[createUser:Chandra]]>
  </system-out>
  <testcase classname="Class30.DataProviderTNG3" name="createUser2" time="0.001"/>
  <system-out>
    <![CDATA[createUser:123]]>
  </system-out>
</testsuite> <!-- Class30.DataProviderTNG3 -->
