<?xml version="1.0" encoding="UTF-8"?>
<!-- Generated by org.testng.reporters.JUnitReportReporter -->
<testsuite hostname="Sanjeet" failures="0" tests="3" name="Class30.Class30AnotsnMethod8" time="0.014" errors="0" timestamp="2022-08-15T19:33:23 IST" skipped="0">
  <testcase classname="Class30.Class30AnotsnMethod8" name="createUser" time="0.009"/>
  <system-out>
    <![CDATA[createUser]]>
  </system-out>
  <testcase classname="Class30.Class30AnotsnMethod8" name="deleteUser" time="0.003"/>
  <system-out>
    <![CDATA[deleteUser]]>
  </system-out>
  <testcase classname="Class30.Class30AnotsnMethod8" name="deleteUser" time="0.002"/>
  <system-out>
    <![CDATA[deleteUser]]>
  </system-out>
</testsuite> <!-- Class30.Class30AnotsnMethod8 -->
