<?xml version="1.0" encoding="UTF-8"?>
<!-- Generated by org.testng.reporters.JUnitReportReporter -->
<testsuite hostname="Sanjeet" failures="0" tests="3" name="Class30.AnotsnMethod" time="0.035" errors="0" timestamp="2022-08-15T19:28:38 IST" skipped="0">
  <testcase classname="Class30.AnotsnMethod" name="deleteUser" time="0.003"/>
  <system-out>
    <![CDATA[deleteUser]]>
  </system-out>
  <testcase classname="Class30.AnotsnMethod" name="deleteUser" time="0.010"/>
  <system-out>
    <![CDATA[deleteUser]]>
  </system-out>
  <testcase classname="Class30.AnotsnMethod" name="createUser" time="0.022"/>
  <system-out>
    <![CDATA[createUser]]>
  </system-out>
</testsuite> <!-- Class30.AnotsnMethod -->
