<?xml version="1.0" encoding="UTF-8"?>
<!-- Generated by org.testng.reporters.JUnitReportReporter -->
<testsuite hostname="Sanjeet" failures="0" tests="3" name="Class31.Class31Demo4" time="0.018" errors="0" timestamp="2022-08-19T15:55:00 IST" skipped="0">
  <testcase classname="Class31.Class31Demo4" name="editCustomer" time="0.003"/>
  <system-out>
    <![CDATA[edit Customer]]>
  </system-out>
  <testcase classname="Class31.Class31Demo4" name="deleteCustomer" time="0.002"/>
  <system-out>
    <![CDATA[delete Customer]]>
  </system-out>
  <testcase classname="Class31.Class31Demo4" name="createCustomer" time="0.013"/>
  <system-out>
    <![CDATA[create Customer]]>
  </system-out>
</testsuite> <!-- Class31.Class31Demo4 -->
