<?xml version="1.0" encoding="UTF-8"?>
<!-- Generated by org.testng.reporters.JUnitReportReporter -->
<testsuite hostname="Sanjeet" failures="0" tests="1" name="Class31.Demo1" time="0.017" errors="0" timestamp="2022-08-15T19:57:29 IST" skipped="0">
  <testcase classname="Class31.Demo1" name="testA" time="0.017"/>
  <system-out>
    <![CDATA[testA...]]>
  </system-out>
</testsuite> <!-- Class31.Demo1 -->
