<?xml version="1.0" encoding="UTF-8"?>
<!-- Generated by org.testng.reporters.JUnitReportReporter -->
<testsuite hostname="Sanjeet" failures="0" tests="5" name="Class30.InvocsnCountTNG" time="0.022" errors="0" timestamp="2022-08-15T16:06:39 IST" skipped="0">
  <testcase classname="Class30.InvocsnCountTNG" name="createUser" time="0.001"/>
  <system-out>
    <![CDATA[createUser:Bhanu]]>
  </system-out>
  <testcase classname="Class30.InvocsnCountTNG" name="createUser" time="0.001"/>
  <system-out>
    <![CDATA[createUser:Bhanu]]>
  </system-out>
  <testcase classname="Class30.InvocsnCountTNG" name="createUser" time="0.001"/>
  <system-out>
    <![CDATA[createUser:Bhanu]]>
  </system-out>
  <testcase classname="Class30.InvocsnCountTNG" name="createUser" time="0.019"/>
  <system-out>
    <![CDATA[createUser:Bhanu]]>
  </system-out>
  <testcase classname="Class30.InvocsnCountTNG" name="createUser" time="0.000"/>
  <system-out>
    <![CDATA[createUser:Bhanu]]>
  </system-out>
</testsuite> <!-- Class30.InvocsnCountTNG -->
