<?xml version="1.0" encoding="UTF-8"?>
<!-- Generated by org.testng.reporters.JUnitReportReporter -->
<testsuite hostname="Sanjeet" failures="0" tests="2" name="Class32.Test2" time="80.529" errors="0" timestamp="2022-08-19T23:35:18 IST" skipped="0">
  <testcase classname="Class32.Test2" name="testA" time="35.811"/>
  <system-out/>
  <testcase classname="Class32.Test2" name="testA" time="44.718"/>
  <system-out/>
</testsuite> <!-- Class32.Test2 -->
