<?xml version="1.0" encoding="UTF-8"?>
<!-- Generated by org.testng.reporters.JUnitReportReporter -->
<testsuite hostname="Sanjeet" failures="0" tests="1" name="p1.TesttestNg2" time="0.002" errors="0" timestamp="2022-08-15T15:51:14 IST" skipped="0">
  <testcase classname="p1.TesttestNg2" name="testB" time="0.002"/>
  <system-out>
    <![CDATA[This is my testB]]>
  </system-out>
</testsuite> <!-- p1.TesttestNg2 -->
