<?xml version="1.0" encoding="UTF-8"?>
<!-- Generated by org.testng.reporters.JUnitReportReporter -->
<testsuite hostname="Sanjeet" failures="0" tests="3" name="Class30.Demo1testNG" time="0.017" errors="0" timestamp="2022-08-15T16:01:14 IST" skipped="0">
  <testcase classname="Class30.Demo1testNG" name="registerUser" time="0.012"/>
  <system-out>
    <![CDATA[registerUser]]>
  </system-out>
  <testcase classname="Class30.Demo1testNG" name="editUser" time="0.002"/>
  <system-out>
    <![CDATA[editUser]]>
  </system-out>
  <testcase classname="Class30.Demo1testNG" name="deleteUser" time="0.003"/>
  <system-out>
    <![CDATA[deleteUser]]>
  </system-out>
</testsuite> <!-- Class30.Demo1testNG -->
