<?xml version="1.0" encoding="UTF-8"?>
<!-- Generated by org.testng.reporters.JUnitReportReporter -->
<testsuite hostname="Sanjeet" failures="0" tests="1" name="Class29.TesttestNg" time="0.015" errors="0" timestamp="2022-08-15T15:37:11 IST" skipped="0">
  <testcase classname="Class29.TesttestNg" name="testA" time="0.015"/>
  <system-out>
    <![CDATA[Hi Sanjeet
Hi Satish]]>
  </system-out>
</testsuite> <!-- Class29.TesttestNg -->
