<?xml version="1.0" encoding="UTF-8"?>
<!-- Generated by org.testng.reporters.JUnitReportReporter -->
<testsuite hostname="Sanjeet" failures="0" tests="2" name="Class33.Demo1" time="73.274" errors="0" timestamp="2022-08-20T02:41:31 IST" skipped="0">
  <testcase classname="Class33.Demo1" name="testA" time="37.333"/>
  <system-out/>
  <testcase classname="Class33.Demo1" name="testA" time="35.941"/>
  <system-out/>
</testsuite> <!-- Class33.Demo1 -->
