<?xml version="1.0" encoding="UTF-8"?>
<!-- Generated by org.testng.reporters.JUnitReportReporter -->
<testsuite hostname="Sanjeet" failures="0" tests="1" name="Class31.Demo3" time="0.002" errors="0" timestamp="2022-08-19T13:46:59 IST" skipped="0">
  <testcase classname="Class31.Demo3" name="test3" time="0.002"/>
  <system-out>
    <![CDATA[test3]]>
  </system-out>
</testsuite> <!-- Class31.Demo3 -->
