<?xml version="1.0" encoding="UTF-8"?>
<!-- Generated by org.testng.reporters.JUnitReportReporter -->
<testsuite hostname="Sanjeet" failures="0" tests="1" name="Class32.Test3" time="14.200" errors="0" timestamp="2022-08-20T01:59:56 IST" skipped="0">
  <testcase classname="Class32.Test3" name="testA" time="14.200"/>
  <system-out/>
</testsuite> <!-- Class32.Test3 -->
